<testsuites id="" name="" tests="1" failures="1" skipped="0" errors="0" time="4.577716000000001">
<testsuite name="autonomous-agent.spec.ts" timestamp="2025-12-15T00:36:51.449Z" hostname="chromium" tests="1" failures="1" skipped="0" time="0.004" errors="0">
<testcase name="Autonomous Agent UI › should display unified dashboard on load" classname="autonomous-agent.spec.ts" time="0.004">
<failure message="autonomous-agent.spec.ts:14:7 should display unified dashboard on load" type="FAILURE">
<![CDATA[  [chromium] › autonomous-agent.spec.ts:14:7 › Autonomous Agent UI › should display unified dashboard on load 

    Error: browserType.launch: Target page, context or browser has been closed
    Browser logs:

    ╔════════════════════════════════════════════════════════════════════════════════════════════════╗
    ║ Looks like you launched a headed browser without having a XServer running.                     ║
    ║ Set either 'headless: true' or use 'xvfb-run <your-playwright-app>' before running Playwright. ║
    ║                                                                                                ║
    ║ <3 Playwright Team                                                                             ║
    ╚════════════════════════════════════════════════════════════════════════════════════════════════╝
    Call log:
      - <launching> /root/.cache/ms-playwright/chromium-1200/chrome-linux64/chrome --disable-field-trial-config --disable-background-networking --disable-background-timer-throttling --disable-backgrounding-occluded-windows --disable-back-forward-cache --disable-breakpad --disable-client-side-phishing-detection --disable-component-extensions-with-background-pages --disable-component-update --no-default-browser-check --disable-default-apps --disable-dev-shm-usage --disable-extensions --disable-features=AcceptCHFrame,AvoidUnnecessaryBeforeUnloadCheckSync,DestroyProfileOnBrowserClose,DialMediaRouteProvider,GlobalMediaControls,HttpsUpgrades,LensOverlay,MediaRouter,PaintHolding,ThirdPartyStoragePartitioning,Translate,AutoDeElevate,RenderDocument,OptimizationHints --enable-features=CDPScreenshotNewSurface --allow-pre-commit-input --disable-hang-monitor --disable-ipc-flooding-protection --disable-popup-blocking --disable-prompt-on-repost --disable-renderer-backgrounding --force-color-profile=srgb --metrics-recording-only --no-first-run --password-store=basic --use-mock-keychain --no-service-autorun --export-tagged-pdf --disable-search-engine-choice-screen --unsafely-disable-devtools-self-xss-warnings --edge-skip-compat-layer-relaunch --enable-automation --disable-infobars --disable-search-engine-choice-screen --disable-sync --no-sandbox --user-data-dir=/tmp/playwright_chromiumdev_profile-cFStD4 --remote-debugging-pipe --no-startup-window
      - <launched> pid=8635
      - [pid=8635][err] [8647:8647:1215/003655.759222:ERROR:base/files/file_path_watcher_inotify.cc:923] Failed to read /proc/sys/fs/inotify/max_user_watches
      - [pid=8635][err] [8648:8648:1215/003655.759470:ERROR:base/files/file_path_watcher_inotify.cc:923] Failed to read /proc/sys/fs/inotify/max_user_watches
      - [pid=8635][err] [8635:8659:1215/003655.857253:ERROR:dbus/bus.cc:406] Failed to connect to the bus: Failed to connect to socket /run/dbus/system_bus_socket: No such file or directory
      - [pid=8635][err] [8635:8657:1215/003655.857602:ERROR:base/files/file_path_watcher_inotify.cc:923] Failed to read /proc/sys/fs/inotify/max_user_watches
      - [pid=8635][err] [8635:8635:1215/003655.872265:ERROR:ui/ozone/platform/x11/ozone_platform_x11.cc:259] Missing X server or $DISPLAY
      - [pid=8635][err] [8635:8635:1215/003655.872286:ERROR:ui/aura/env.cc:257] The platform failed to initialize.  Exiting.
      - [pid=8635] <gracefully close start>
      - [pid=8635] <kill>
      - [pid=8635] <will force kill>
      - [pid=8635][err] [1215/003655.908600:ERROR:third_party/crashpad/crashpad/util/linux/socket.cc:182] incorrect payload size 0
      - [pid=8635][err] [1215/003655.915071:ERROR:third_party/crashpad/crashpad/util/linux/socket.cc:182] incorrect payload size 0
      - [pid=8635] <process did exit: exitCode=1, signal=null>
      - [pid=8635] starting temporary directories cleanup
      - [pid=8635] finished temporary directories cleanup
      - [pid=8635] <gracefully close end>

]]>
</failure>
</testcase>
</testsuite>
</testsuites>